Start testing: Nov 26 19:49 IST
----------------------------------------------------------
11/21 Testing: Tester11
11/21 Test: Tester11
Command: "/home/ellanti/Desktop/ST/Project/src/server/build/transaction_testcase1"
Directory: /home/ellanti/Desktop/ST/Project/src/server/build
"Tester11" start time: Nov 26 19:49 IST
Output:
----------------------------------------------------------
<end of output>
Test time =   0.01 sec
----------------------------------------------------------
Test Failed.
"Tester11" end time: Nov 26 19:49 IST
"Tester11" time elapsed: 00:00:00
----------------------------------------------------------

12/21 Testing: Tester12
12/21 Test: Tester12
Command: "/home/ellanti/Desktop/ST/Project/src/server/build/transaction_testcase2"
Directory: /home/ellanti/Desktop/ST/Project/src/server/build
"Tester12" start time: Nov 26 19:49 IST
Output:
----------------------------------------------------------
<end of output>
Test time =   0.01 sec
----------------------------------------------------------
Test Passed.
"Tester12" end time: Nov 26 19:49 IST
"Tester12" time elapsed: 00:00:00
----------------------------------------------------------

9/21 Testing: Tester9
9/21 Test: Tester9
Command: "/home/ellanti/Desktop/ST/Project/src/server/build/lock_account_testcase3"
Directory: /home/ellanti/Desktop/ST/Project/src/server/build
"Tester9" start time: Nov 26 19:49 IST
Output:
----------------------------------------------------------
<end of output>
Test time =   0.01 sec
----------------------------------------------------------
Test Passed.
"Tester9" end time: Nov 26 19:49 IST
"Tester9" time elapsed: 00:00:00
----------------------------------------------------------

8/21 Testing: Tester8
8/21 Test: Tester8
Command: "/home/ellanti/Desktop/ST/Project/src/server/build/lock_account_testcase2"
Directory: /home/ellanti/Desktop/ST/Project/src/server/build
"Tester8" start time: Nov 26 19:49 IST
Output:
----------------------------------------------------------
<end of output>
Test time =   0.01 sec
----------------------------------------------------------
Test Passed.
"Tester8" end time: Nov 26 19:49 IST
"Tester8" time elapsed: 00:00:00
----------------------------------------------------------

14/21 Testing: Tester14
14/21 Test: Tester14
Command: "/home/ellanti/Desktop/ST/Project/src/server/build/check_password_testcase1"
Directory: /home/ellanti/Desktop/ST/Project/src/server/build
"Tester14" start time: Nov 26 19:49 IST
Output:
----------------------------------------------------------
<end of output>
Test time =   0.01 sec
----------------------------------------------------------
Test Passed.
"Tester14" end time: Nov 26 19:49 IST
"Tester14" time elapsed: 00:00:00
----------------------------------------------------------

6/21 Testing: Tester6
6/21 Test: Tester6
Command: "/home/ellanti/Desktop/ST/Project/src/server/build/get_account_index_testcase3"
Directory: /home/ellanti/Desktop/ST/Project/src/server/build
"Tester6" start time: Nov 26 19:49 IST
Output:
----------------------------------------------------------
<end of output>
Test time =   0.01 sec
----------------------------------------------------------
Test Passed.
"Tester6" end time: Nov 26 19:49 IST
"Tester6" time elapsed: 00:00:00
----------------------------------------------------------

13/21 Testing: Tester13
13/21 Test: Tester13
Command: "/home/ellanti/Desktop/ST/Project/src/server/build/transaction_testcase3"
Directory: /home/ellanti/Desktop/ST/Project/src/server/build
"Tester13" start time: Nov 26 19:49 IST
Output:
----------------------------------------------------------
<end of output>
Test time =   0.01 sec
----------------------------------------------------------
Test Passed.
"Tester13" end time: Nov 26 19:49 IST
"Tester13" time elapsed: 00:00:00
----------------------------------------------------------

7/21 Testing: Tester7
7/21 Test: Tester7
Command: "/home/ellanti/Desktop/ST/Project/src/server/build/lock_account_testcase1"
Directory: /home/ellanti/Desktop/ST/Project/src/server/build
"Tester7" start time: Nov 26 19:49 IST
Output:
----------------------------------------------------------
<end of output>
Test time =   0.01 sec
----------------------------------------------------------
Test Passed.
"Tester7" end time: Nov 26 19:49 IST
"Tester7" time elapsed: 00:00:00
----------------------------------------------------------

5/21 Testing: Tester5
5/21 Test: Tester5
Command: "/home/ellanti/Desktop/ST/Project/src/server/build/get_account_index_testcase2"
Directory: /home/ellanti/Desktop/ST/Project/src/server/build
"Tester5" start time: Nov 26 19:49 IST
Output:
----------------------------------------------------------
<end of output>
Test time =   0.01 sec
----------------------------------------------------------
Test Failed.
"Tester5" end time: Nov 26 19:49 IST
"Tester5" time elapsed: 00:00:00
----------------------------------------------------------

15/21 Testing: Tester15
15/21 Test: Tester15
Command: "/home/ellanti/Desktop/ST/Project/src/server/build/check_password_testcase2"
Directory: /home/ellanti/Desktop/ST/Project/src/server/build
"Tester15" start time: Nov 26 19:49 IST
Output:
----------------------------------------------------------
<end of output>
Test time =   0.01 sec
----------------------------------------------------------
Test Passed.
"Tester15" end time: Nov 26 19:49 IST
"Tester15" time elapsed: 00:00:00
----------------------------------------------------------

16/21 Testing: Tester16
16/21 Test: Tester16
Command: "/home/ellanti/Desktop/ST/Project/src/server/build/check_password_testcase3"
Directory: /home/ellanti/Desktop/ST/Project/src/server/build
"Tester16" start time: Nov 26 19:49 IST
Output:
----------------------------------------------------------
<end of output>
Test time =   0.01 sec
----------------------------------------------------------
Test Passed.
"Tester16" end time: Nov 26 19:49 IST
"Tester16" time elapsed: 00:00:00
----------------------------------------------------------

18/21 Testing: Tester18
18/21 Test: Tester18
Command: "/home/ellanti/Desktop/ST/Project/src/server/build/check_password_testcase5"
Directory: /home/ellanti/Desktop/ST/Project/src/server/build
"Tester18" start time: Nov 26 19:49 IST
Output:
----------------------------------------------------------
<end of output>
Test time =   0.00 sec
----------------------------------------------------------
Test Passed.
"Tester18" end time: Nov 26 19:49 IST
"Tester18" time elapsed: 00:00:00
----------------------------------------------------------

4/21 Testing: Tester4
4/21 Test: Tester4
Command: "/home/ellanti/Desktop/ST/Project/src/server/build/get_account_index_testcase1"
Directory: /home/ellanti/Desktop/ST/Project/src/server/build
"Tester4" start time: Nov 26 19:49 IST
Output:
----------------------------------------------------------
<end of output>
Test time =   0.00 sec
----------------------------------------------------------
Test Passed.
"Tester4" end time: Nov 26 19:49 IST
"Tester4" time elapsed: 00:00:00
----------------------------------------------------------

10/21 Testing: Tester10
10/21 Test: Tester10
Command: "/home/ellanti/Desktop/ST/Project/src/server/build/lock_account_testcase4"
Directory: /home/ellanti/Desktop/ST/Project/src/server/build
"Tester10" start time: Nov 26 19:49 IST
Output:
----------------------------------------------------------
<end of output>
Test time =   0.01 sec
----------------------------------------------------------
Test Passed.
"Tester10" end time: Nov 26 19:49 IST
"Tester10" time elapsed: 00:00:00
----------------------------------------------------------

19/21 Testing: Tester19
19/21 Test: Tester19
Command: "/home/ellanti/Desktop/ST/Project/src/server/build/delete_user_testcase1"
Directory: /home/ellanti/Desktop/ST/Project/src/server/build
"Tester19" start time: Nov 26 19:49 IST
Output:
----------------------------------------------------------
<end of output>
Test time =   0.01 sec
----------------------------------------------------------
Test Passed.
"Tester19" end time: Nov 26 19:49 IST
"Tester19" time elapsed: 00:00:00
----------------------------------------------------------

17/21 Testing: Tester17
17/21 Test: Tester17
Command: "/home/ellanti/Desktop/ST/Project/src/server/build/check_password_testcase4"
Directory: /home/ellanti/Desktop/ST/Project/src/server/build
"Tester17" start time: Nov 26 19:49 IST
Output:
----------------------------------------------------------
<end of output>
Test time =   0.01 sec
----------------------------------------------------------
Test Passed.
"Tester17" end time: Nov 26 19:49 IST
"Tester17" time elapsed: 00:00:00
----------------------------------------------------------

3/21 Testing: Tester3
3/21 Test: Tester3
Command: "/home/ellanti/Desktop/ST/Project/src/server/build/insert_account_testcase3"
Directory: /home/ellanti/Desktop/ST/Project/src/server/build
"Tester3" start time: Nov 26 19:49 IST
Output:
----------------------------------------------------------
<end of output>
Test time =   0.01 sec
----------------------------------------------------------
Test Passed.
"Tester3" end time: Nov 26 19:49 IST
"Tester3" time elapsed: 00:00:00
----------------------------------------------------------

20/21 Testing: Tester20
20/21 Test: Tester20
Command: "/home/ellanti/Desktop/ST/Project/src/server/build/delete_user_testcase2"
Directory: /home/ellanti/Desktop/ST/Project/src/server/build
"Tester20" start time: Nov 26 19:49 IST
Output:
----------------------------------------------------------
<end of output>
Test time =   0.00 sec
----------------------------------------------------------
Test Passed.
"Tester20" end time: Nov 26 19:49 IST
"Tester20" time elapsed: 00:00:00
----------------------------------------------------------

21/21 Testing: Tester21
21/21 Test: Tester21
Command: "/home/ellanti/Desktop/ST/Project/src/server/build/delete_user_testcase3"
Directory: /home/ellanti/Desktop/ST/Project/src/server/build
"Tester21" start time: Nov 26 19:49 IST
Output:
----------------------------------------------------------
<end of output>
Test time =   0.00 sec
----------------------------------------------------------
Test Passed.
"Tester21" end time: Nov 26 19:49 IST
"Tester21" time elapsed: 00:00:00
----------------------------------------------------------

1/21 Testing: Tester1
1/21 Test: Tester1
Command: "/home/ellanti/Desktop/ST/Project/src/server/build/insert_account_testcase1"
Directory: /home/ellanti/Desktop/ST/Project/src/server/build
"Tester1" start time: Nov 26 19:49 IST
Output:
----------------------------------------------------------
<end of output>
Test time =   0.00 sec
----------------------------------------------------------
Test Passed.
"Tester1" end time: Nov 26 19:49 IST
"Tester1" time elapsed: 00:00:00
----------------------------------------------------------

2/21 Testing: Tester2
2/21 Test: Tester2
Command: "/home/ellanti/Desktop/ST/Project/src/server/build/insert_account_testcase2"
Directory: /home/ellanti/Desktop/ST/Project/src/server/build
"Tester2" start time: Nov 26 19:49 IST
Output:
----------------------------------------------------------
<end of output>
Test time =   0.00 sec
----------------------------------------------------------
Test Passed.
"Tester2" end time: Nov 26 19:49 IST
"Tester2" time elapsed: 00:00:00
----------------------------------------------------------

End testing: Nov 26 19:49 IST
