<?xml version="1.0" encoding="UTF-8"?>
<Site BuildName="Linux-x86_64-linux-gnu-g++-9"
	BuildStamp="20211126-1152-Experimental"
	Name="Ellanti-VirtualBox"
	Generator="ctest-3.16.3"
	CompilerName="/bin/x86_64-linux-gnu-g++-9"
	CompilerVersion="9.3.0"
	OSName="Linux"
	Hostname="Ellanti-VirtualBox"
	OSRelease="5.11.0-40-generic"
	OSVersion="#44~20.04.2-Ubuntu SMP Tue Oct 26 18:07:44 UTC 2021"
	OSPlatform="x86_64"
	Is64Bits="1"
	VendorString="AuthenticAMD"
	VendorID="Advanced Micro Devices"
	FamilyID="25"
	ModelID="80"
	ProcessorCacheSize="512"
	NumberOfLogicalCPU="8"
	NumberOfPhysicalCPU="8"
	TotalVirtualMemory="2047"
	TotalPhysicalMemory="7953"
	LogicalProcessorsPerPhysical="1"
	ProcessorClockFrequency="3193.99"
	>
	<Testing>
		<StartDateTime>Nov 26 19:49 IST</StartDateTime>
		<StartTestTime>1637936390</StartTestTime>
		<TestList>
			<Test>./Tester11</Test>
			<Test>./Tester12</Test>
			<Test>./Tester9</Test>
			<Test>./Tester8</Test>
			<Test>./Tester14</Test>
			<Test>./Tester6</Test>
			<Test>./Tester13</Test>
			<Test>./Tester7</Test>
			<Test>./Tester5</Test>
			<Test>./Tester15</Test>
			<Test>./Tester16</Test>
			<Test>./Tester18</Test>
			<Test>./Tester4</Test>
			<Test>./Tester10</Test>
			<Test>./Tester19</Test>
			<Test>./Tester17</Test>
			<Test>./Tester3</Test>
			<Test>./Tester20</Test>
			<Test>./Tester21</Test>
			<Test>./Tester1</Test>
			<Test>./Tester2</Test>
		</TestList>
		<Test Status="failed">
			<Name>Tester11</Name>
			<Path>.</Path>
			<FullName>./Tester11</FullName>
			<FullCommandLine>/home/ellanti/Desktop/ST/Project/src/server/build/transaction_testcase1</FullCommandLine>
			<Results>
				<NamedMeasurement type="text/string" name="Exit Code">
					<Value>Failed</Value>
				</NamedMeasurement>
				<NamedMeasurement type="text/string" name="Exit Value">
					<Value>1</Value>
				</NamedMeasurement>
				<NamedMeasurement type="numeric/double" name="Execution Time">
					<Value>0.00949919</Value>
				</NamedMeasurement>
				<NamedMeasurement type="numeric/double" name="Processors">
					<Value>1</Value>
				</NamedMeasurement>
				<NamedMeasurement type="text/string" name="Completion Status">
					<Value>Completed</Value>
				</NamedMeasurement>
				<NamedMeasurement type="text/string" name="Command Line">
					<Value>/home/ellanti/Desktop/ST/Project/src/server/build/transaction_testcase1</Value>
				</NamedMeasurement>
				<Measurement>
					<Value></Value>
				</Measurement>
			</Results>
		</Test>
		<Test Status="passed">
			<Name>Tester12</Name>
			<Path>.</Path>
			<FullName>./Tester12</FullName>
			<FullCommandLine>/home/ellanti/Desktop/ST/Project/src/server/build/transaction_testcase2</FullCommandLine>
			<Results>
				<NamedMeasurement type="numeric/double" name="Execution Time">
					<Value>0.0133826</Value>
				</NamedMeasurement>
				<NamedMeasurement type="numeric/double" name="Processors">
					<Value>1</Value>
				</NamedMeasurement>
				<NamedMeasurement type="text/string" name="Completion Status">
					<Value>Completed</Value>
				</NamedMeasurement>
				<NamedMeasurement type="text/string" name="Command Line">
					<Value>/home/ellanti/Desktop/ST/Project/src/server/build/transaction_testcase2</Value>
				</NamedMeasurement>
				<Measurement>
					<Value></Value>
				</Measurement>
			</Results>
		</Test>
		<Test Status="passed">
			<Name>Tester9</Name>
			<Path>.</Path>
			<FullName>./Tester9</FullName>
			<FullCommandLine>/home/ellanti/Desktop/ST/Project/src/server/build/lock_account_testcase3</FullCommandLine>
			<Results>
				<NamedMeasurement type="numeric/double" name="Execution Time">
					<Value>0.0140464</Value>
				</NamedMeasurement>
				<NamedMeasurement type="numeric/double" name="Processors">
					<Value>1</Value>
				</NamedMeasurement>
				<NamedMeasurement type="text/string" name="Completion Status">
					<Value>Completed</Value>
				</NamedMeasurement>
				<NamedMeasurement type="text/string" name="Command Line">
					<Value>/home/ellanti/Desktop/ST/Project/src/server/build/lock_account_testcase3</Value>
				</NamedMeasurement>
				<Measurement>
					<Value></Value>
				</Measurement>
			</Results>
		</Test>
		<Test Status="passed">
			<Name>Tester8</Name>
			<Path>.</Path>
			<FullName>./Tester8</FullName>
			<FullCommandLine>/home/ellanti/Desktop/ST/Project/src/server/build/lock_account_testcase2</FullCommandLine>
			<Results>
				<NamedMeasurement type="numeric/double" name="Execution Time">
					<Value>0.0143829</Value>
				</NamedMeasurement>
				<NamedMeasurement type="numeric/double" name="Processors">
					<Value>1</Value>
				</NamedMeasurement>
				<NamedMeasurement type="text/string" name="Completion Status">
					<Value>Completed</Value>
				</NamedMeasurement>
				<NamedMeasurement type="text/string" name="Command Line">
					<Value>/home/ellanti/Desktop/ST/Project/src/server/build/lock_account_testcase2</Value>
				</NamedMeasurement>
				<Measurement>
					<Value></Value>
				</Measurement>
			</Results>
		</Test>
		<Test Status="passed">
			<Name>Tester14</Name>
			<Path>.</Path>
			<FullName>./Tester14</FullName>
			<FullCommandLine>/home/ellanti/Desktop/ST/Project/src/server/build/check_password_testcase1</FullCommandLine>
			<Results>
				<NamedMeasurement type="numeric/double" name="Execution Time">
					<Value>0.013921</Value>
				</NamedMeasurement>
				<NamedMeasurement type="numeric/double" name="Processors">
					<Value>1</Value>
				</NamedMeasurement>
				<NamedMeasurement type="text/string" name="Completion Status">
					<Value>Completed</Value>
				</NamedMeasurement>
				<NamedMeasurement type="text/string" name="Command Line">
					<Value>/home/ellanti/Desktop/ST/Project/src/server/build/check_password_testcase1</Value>
				</NamedMeasurement>
				<Measurement>
					<Value></Value>
				</Measurement>
			</Results>
		</Test>
		<Test Status="passed">
			<Name>Tester6</Name>
			<Path>.</Path>
			<FullName>./Tester6</FullName>
			<FullCommandLine>/home/ellanti/Desktop/ST/Project/src/server/build/get_account_index_testcase3</FullCommandLine>
			<Results>
				<NamedMeasurement type="numeric/double" name="Execution Time">
					<Value>0.014666</Value>
				</NamedMeasurement>
				<NamedMeasurement type="numeric/double" name="Processors">
					<Value>1</Value>
				</NamedMeasurement>
				<NamedMeasurement type="text/string" name="Completion Status">
					<Value>Completed</Value>
				</NamedMeasurement>
				<NamedMeasurement type="text/string" name="Command Line">
					<Value>/home/ellanti/Desktop/ST/Project/src/server/build/get_account_index_testcase3</Value>
				</NamedMeasurement>
				<Measurement>
					<Value></Value>
				</Measurement>
			</Results>
		</Test>
		<Test Status="passed">
			<Name>Tester13</Name>
			<Path>.</Path>
			<FullName>./Tester13</FullName>
			<FullCommandLine>/home/ellanti/Desktop/ST/Project/src/server/build/transaction_testcase3</FullCommandLine>
			<Results>
				<NamedMeasurement type="numeric/double" name="Execution Time">
					<Value>0.014149</Value>
				</NamedMeasurement>
				<NamedMeasurement type="numeric/double" name="Processors">
					<Value>1</Value>
				</NamedMeasurement>
				<NamedMeasurement type="text/string" name="Completion Status">
					<Value>Completed</Value>
				</NamedMeasurement>
				<NamedMeasurement type="text/string" name="Command Line">
					<Value>/home/ellanti/Desktop/ST/Project/src/server/build/transaction_testcase3</Value>
				</NamedMeasurement>
				<Measurement>
					<Value></Value>
				</Measurement>
			</Results>
		</Test>
		<Test Status="passed">
			<Name>Tester7</Name>
			<Path>.</Path>
			<FullName>./Tester7</FullName>
			<FullCommandLine>/home/ellanti/Desktop/ST/Project/src/server/build/lock_account_testcase1</FullCommandLine>
			<Results>
				<NamedMeasurement type="numeric/double" name="Execution Time">
					<Value>0.0125909</Value>
				</NamedMeasurement>
				<NamedMeasurement type="numeric/double" name="Processors">
					<Value>1</Value>
				</NamedMeasurement>
				<NamedMeasurement type="text/string" name="Completion Status">
					<Value>Completed</Value>
				</NamedMeasurement>
				<NamedMeasurement type="text/string" name="Command Line">
					<Value>/home/ellanti/Desktop/ST/Project/src/server/build/lock_account_testcase1</Value>
				</NamedMeasurement>
				<Measurement>
					<Value></Value>
				</Measurement>
			</Results>
		</Test>
		<Test Status="failed">
			<Name>Tester5</Name>
			<Path>.</Path>
			<FullName>./Tester5</FullName>
			<FullCommandLine>/home/ellanti/Desktop/ST/Project/src/server/build/get_account_index_testcase2</FullCommandLine>
			<Results>
				<NamedMeasurement type="text/string" name="Exit Code">
					<Value>Failed</Value>
				</NamedMeasurement>
				<NamedMeasurement type="text/string" name="Exit Value">
					<Value>1</Value>
				</NamedMeasurement>
				<NamedMeasurement type="numeric/double" name="Execution Time">
					<Value>0.0119093</Value>
				</NamedMeasurement>
				<NamedMeasurement type="numeric/double" name="Processors">
					<Value>1</Value>
				</NamedMeasurement>
				<NamedMeasurement type="text/string" name="Completion Status">
					<Value>Completed</Value>
				</NamedMeasurement>
				<NamedMeasurement type="text/string" name="Command Line">
					<Value>/home/ellanti/Desktop/ST/Project/src/server/build/get_account_index_testcase2</Value>
				</NamedMeasurement>
				<Measurement>
					<Value></Value>
				</Measurement>
			</Results>
		</Test>
		<Test Status="passed">
			<Name>Tester15</Name>
			<Path>.</Path>
			<FullName>./Tester15</FullName>
			<FullCommandLine>/home/ellanti/Desktop/ST/Project/src/server/build/check_password_testcase2</FullCommandLine>
			<Results>
				<NamedMeasurement type="numeric/double" name="Execution Time">
					<Value>0.0132617</Value>
				</NamedMeasurement>
				<NamedMeasurement type="numeric/double" name="Processors">
					<Value>1</Value>
				</NamedMeasurement>
				<NamedMeasurement type="text/string" name="Completion Status">
					<Value>Completed</Value>
				</NamedMeasurement>
				<NamedMeasurement type="text/string" name="Command Line">
					<Value>/home/ellanti/Desktop/ST/Project/src/server/build/check_password_testcase2</Value>
				</NamedMeasurement>
				<Measurement>
					<Value></Value>
				</Measurement>
			</Results>
		</Test>
		<Test Status="passed">
			<Name>Tester16</Name>
			<Path>.</Path>
			<FullName>./Tester16</FullName>
			<FullCommandLine>/home/ellanti/Desktop/ST/Project/src/server/build/check_password_testcase3</FullCommandLine>
			<Results>
				<NamedMeasurement type="numeric/double" name="Execution Time">
					<Value>0.00876042</Value>
				</NamedMeasurement>
				<NamedMeasurement type="numeric/double" name="Processors">
					<Value>1</Value>
				</NamedMeasurement>
				<NamedMeasurement type="text/string" name="Completion Status">
					<Value>Completed</Value>
				</NamedMeasurement>
				<NamedMeasurement type="text/string" name="Command Line">
					<Value>/home/ellanti/Desktop/ST/Project/src/server/build/check_password_testcase3</Value>
				</NamedMeasurement>
				<Measurement>
					<Value></Value>
				</Measurement>
			</Results>
		</Test>
		<Test Status="passed">
			<Name>Tester18</Name>
			<Path>.</Path>
			<FullName>./Tester18</FullName>
			<FullCommandLine>/home/ellanti/Desktop/ST/Project/src/server/build/check_password_testcase5</FullCommandLine>
			<Results>
				<NamedMeasurement type="numeric/double" name="Execution Time">
					<Value>0.00313821</Value>
				</NamedMeasurement>
				<NamedMeasurement type="numeric/double" name="Processors">
					<Value>1</Value>
				</NamedMeasurement>
				<NamedMeasurement type="text/string" name="Completion Status">
					<Value>Completed</Value>
				</NamedMeasurement>
				<NamedMeasurement type="text/string" name="Command Line">
					<Value>/home/ellanti/Desktop/ST/Project/src/server/build/check_password_testcase5</Value>
				</NamedMeasurement>
				<Measurement>
					<Value></Value>
				</Measurement>
			</Results>
		</Test>
		<Test Status="passed">
			<Name>Tester4</Name>
			<Path>.</Path>
			<FullName>./Tester4</FullName>
			<FullCommandLine>/home/ellanti/Desktop/ST/Project/src/server/build/get_account_index_testcase1</FullCommandLine>
			<Results>
				<NamedMeasurement type="numeric/double" name="Execution Time">
					<Value>0.00172275</Value>
				</NamedMeasurement>
				<NamedMeasurement type="numeric/double" name="Processors">
					<Value>1</Value>
				</NamedMeasurement>
				<NamedMeasurement type="text/string" name="Completion Status">
					<Value>Completed</Value>
				</NamedMeasurement>
				<NamedMeasurement type="text/string" name="Command Line">
					<Value>/home/ellanti/Desktop/ST/Project/src/server/build/get_account_index_testcase1</Value>
				</NamedMeasurement>
				<Measurement>
					<Value></Value>
				</Measurement>
			</Results>
		</Test>
		<Test Status="passed">
			<Name>Tester10</Name>
			<Path>.</Path>
			<FullName>./Tester10</FullName>
			<FullCommandLine>/home/ellanti/Desktop/ST/Project/src/server/build/lock_account_testcase4</FullCommandLine>
			<Results>
				<NamedMeasurement type="numeric/double" name="Execution Time">
					<Value>0.00841933</Value>
				</NamedMeasurement>
				<NamedMeasurement type="numeric/double" name="Processors">
					<Value>1</Value>
				</NamedMeasurement>
				<NamedMeasurement type="text/string" name="Completion Status">
					<Value>Completed</Value>
				</NamedMeasurement>
				<NamedMeasurement type="text/string" name="Command Line">
					<Value>/home/ellanti/Desktop/ST/Project/src/server/build/lock_account_testcase4</Value>
				</NamedMeasurement>
				<Measurement>
					<Value></Value>
				</Measurement>
			</Results>
		</Test>
		<Test Status="passed">
			<Name>Tester19</Name>
			<Path>.</Path>
			<FullName>./Tester19</FullName>
			<FullCommandLine>/home/ellanti/Desktop/ST/Project/src/server/build/delete_user_testcase1</FullCommandLine>
			<Results>
				<NamedMeasurement type="numeric/double" name="Execution Time">
					<Value>0.0075372</Value>
				</NamedMeasurement>
				<NamedMeasurement type="numeric/double" name="Processors">
					<Value>1</Value>
				</NamedMeasurement>
				<NamedMeasurement type="text/string" name="Completion Status">
					<Value>Completed</Value>
				</NamedMeasurement>
				<NamedMeasurement type="text/string" name="Command Line">
					<Value>/home/ellanti/Desktop/ST/Project/src/server/build/delete_user_testcase1</Value>
				</NamedMeasurement>
				<Measurement>
					<Value></Value>
				</Measurement>
			</Results>
		</Test>
		<Test Status="passed">
			<Name>Tester17</Name>
			<Path>.</Path>
			<FullName>./Tester17</FullName>
			<FullCommandLine>/home/ellanti/Desktop/ST/Project/src/server/build/check_password_testcase4</FullCommandLine>
			<Results>
				<NamedMeasurement type="numeric/double" name="Execution Time">
					<Value>0.00655027</Value>
				</NamedMeasurement>
				<NamedMeasurement type="numeric/double" name="Processors">
					<Value>1</Value>
				</NamedMeasurement>
				<NamedMeasurement type="text/string" name="Completion Status">
					<Value>Completed</Value>
				</NamedMeasurement>
				<NamedMeasurement type="text/string" name="Command Line">
					<Value>/home/ellanti/Desktop/ST/Project/src/server/build/check_password_testcase4</Value>
				</NamedMeasurement>
				<Measurement>
					<Value></Value>
				</Measurement>
			</Results>
		</Test>
		<Test Status="passed">
			<Name>Tester3</Name>
			<Path>.</Path>
			<FullName>./Tester3</FullName>
			<FullCommandLine>/home/ellanti/Desktop/ST/Project/src/server/build/insert_account_testcase3</FullCommandLine>
			<Results>
				<NamedMeasurement type="numeric/double" name="Execution Time">
					<Value>0.00560646</Value>
				</NamedMeasurement>
				<NamedMeasurement type="numeric/double" name="Processors">
					<Value>1</Value>
				</NamedMeasurement>
				<NamedMeasurement type="text/string" name="Completion Status">
					<Value>Completed</Value>
				</NamedMeasurement>
				<NamedMeasurement type="text/string" name="Command Line">
					<Value>/home/ellanti/Desktop/ST/Project/src/server/build/insert_account_testcase3</Value>
				</NamedMeasurement>
				<Measurement>
					<Value></Value>
				</Measurement>
			</Results>
		</Test>
		<Test Status="passed">
			<Name>Tester20</Name>
			<Path>.</Path>
			<FullName>./Tester20</FullName>
			<FullCommandLine>/home/ellanti/Desktop/ST/Project/src/server/build/delete_user_testcase2</FullCommandLine>
			<Results>
				<NamedMeasurement type="numeric/double" name="Execution Time">
					<Value>0.00468802</Value>
				</NamedMeasurement>
				<NamedMeasurement type="numeric/double" name="Processors">
					<Value>1</Value>
				</NamedMeasurement>
				<NamedMeasurement type="text/string" name="Completion Status">
					<Value>Completed</Value>
				</NamedMeasurement>
				<NamedMeasurement type="text/string" name="Command Line">
					<Value>/home/ellanti/Desktop/ST/Project/src/server/build/delete_user_testcase2</Value>
				</NamedMeasurement>
				<Measurement>
					<Value></Value>
				</Measurement>
			</Results>
		</Test>
		<Test Status="passed">
			<Name>Tester21</Name>
			<Path>.</Path>
			<FullName>./Tester21</FullName>
			<FullCommandLine>/home/ellanti/Desktop/ST/Project/src/server/build/delete_user_testcase3</FullCommandLine>
			<Results>
				<NamedMeasurement type="numeric/double" name="Execution Time">
					<Value>0.00351898</Value>
				</NamedMeasurement>
				<NamedMeasurement type="numeric/double" name="Processors">
					<Value>1</Value>
				</NamedMeasurement>
				<NamedMeasurement type="text/string" name="Completion Status">
					<Value>Completed</Value>
				</NamedMeasurement>
				<NamedMeasurement type="text/string" name="Command Line">
					<Value>/home/ellanti/Desktop/ST/Project/src/server/build/delete_user_testcase3</Value>
				</NamedMeasurement>
				<Measurement>
					<Value></Value>
				</Measurement>
			</Results>
		</Test>
		<Test Status="passed">
			<Name>Tester1</Name>
			<Path>.</Path>
			<FullName>./Tester1</FullName>
			<FullCommandLine>/home/ellanti/Desktop/ST/Project/src/server/build/insert_account_testcase1</FullCommandLine>
			<Results>
				<NamedMeasurement type="numeric/double" name="Execution Time">
					<Value>0.00214088</Value>
				</NamedMeasurement>
				<NamedMeasurement type="numeric/double" name="Processors">
					<Value>1</Value>
				</NamedMeasurement>
				<NamedMeasurement type="text/string" name="Completion Status">
					<Value>Completed</Value>
				</NamedMeasurement>
				<NamedMeasurement type="text/string" name="Command Line">
					<Value>/home/ellanti/Desktop/ST/Project/src/server/build/insert_account_testcase1</Value>
				</NamedMeasurement>
				<Measurement>
					<Value></Value>
				</Measurement>
			</Results>
		</Test>
		<Test Status="passed">
			<Name>Tester2</Name>
			<Path>.</Path>
			<FullName>./Tester2</FullName>
			<FullCommandLine>/home/ellanti/Desktop/ST/Project/src/server/build/insert_account_testcase2</FullCommandLine>
			<Results>
				<NamedMeasurement type="numeric/double" name="Execution Time">
					<Value>0.00114517</Value>
				</NamedMeasurement>
				<NamedMeasurement type="numeric/double" name="Processors">
					<Value>1</Value>
				</NamedMeasurement>
				<NamedMeasurement type="text/string" name="Completion Status">
					<Value>Completed</Value>
				</NamedMeasurement>
				<NamedMeasurement type="text/string" name="Command Line">
					<Value>/home/ellanti/Desktop/ST/Project/src/server/build/insert_account_testcase2</Value>
				</NamedMeasurement>
				<Measurement>
					<Value></Value>
				</Measurement>
			</Results>
		</Test>
		<EndDateTime>Nov 26 19:49 IST</EndDateTime>
		<EndTestTime>1637936390</EndTestTime>
		<ElapsedMinutes>0</ElapsedMinutes>
	</Testing>
</Site>
